<?xml version="1.0" encoding="UTF-8"?>
<testsuite xmlns:xsi="http://www.w3.org/2001/XMLSchema-instance" xsi:noNamespaceSchemaLocation="https://maven.apache.org/surefire/maven-surefire-plugin/xsd/surefire-test-report-3.0.xsd" version="3.0" name="business.SearchWordTest" time="0.777" tests="7" errors="0" skipped="0" failures="0">
  <properties>
[...]
</properties>
  <testcase name="testSearchKeyword_KeywordFoundInPage_ShouldReturnResult" classname="business.SearchWordTest" time="0.413"/>
  <testcase name="testSearchKeyword_KeywordNotFound_ShouldReturnEmptyList" classname="business.SearchWordTest" time="0.012"/>
  <testcase name="testSearchKeyword_KeywordWithPrefix_ShouldIncludePrefixWord" classname="business.SearchWordTest" time="0.008"/>
  <testcase name="testSearchKeyword_EmptyDocsList_ShouldReturnEmptyList" classname="business.SearchWordTest" time="0.007"/>
  <testcase name="testSearchKeyword_KeywordAtFirstPosition_ShouldHaveEmptyPrefix" classname="business.SearchWordTest" time="0.009"/>
  <testcase name="testSearchKeyword_ExactlyThreeLetters_ShouldNotThrowException" classname="business.SearchWordTest" time="0.015"/>
  <testcase name="testSearchKeyword_TwoLetterKeyword_ShouldThrowException" classname="business.SearchWordTest" time="0.011"/>
</testsuite>